0 info it worked if it ends with ok
1 verbose cli [ 'C:\\Program Files\\nodejs\\node.exe',
1 verbose cli   'C:\\Program Files\\nodejs\\node_modules\\npm\\bin\\npm-cli.js',
1 verbose cli   'install' ]
2 info using npm@2.15.1
3 info using node@v4.4.3
4 verbose config Skipping project config: C:\Users\夏目友人帐/.npmrc. (matches userconfig)
5 verbose readDependencies loading dependencies from C:\Users\夏目友人帐\package.json
6 error install Couldn't read dependencies
7 verbose stack Error: ENOENT: no such file or directory, open 'C:\Users\夏目友人帐\package.json'
7 verbose stack     at Error (native)
8 verbose cwd C:\Users\夏目友人帐\nodedemo\ex7
9 error Windows_NT 10.0.17134
10 error argv "C:\\Program Files\\nodejs\\node.exe" "C:\\Program Files\\nodejs\\node_modules\\npm\\bin\\npm-cli.js" "install"
11 error node v4.4.3
12 error npm  v2.15.1
13 error path C:\Users\夏目友人帐\package.json
14 error code ENOPACKAGEJSON
15 error errno -4058
16 error syscall open
17 error package.json ENOENT: no such file or directory, open 'C:\Users\夏目友人帐\package.json'
17 error package.json This is most likely not a problem with npm itself.
17 error package.json npm can't find a package.json file in your current directory.
18 verbose exit [ -4058, true ]
